Word processing results: 
the - 16 
to - 13 
and - 13 
a - 11 
for - 10 
Oracle - 10 
product - 8 
your - 7 
Search - 7 
amp - 7 
of - 7 
or - 6 
you - 5 
search - 5 
products - 5 
All - 5 
services - 4 
Select - 4 
Version - 4 
with - 4 
accordion - 4 
Systems - 4 
collapse - 4 
an - 3 
click - 3 
How - 3 
Center - 3 
do - 3 
later - 3 
results - 3 
solutions - 3 
query - 3 
Enter - 3 
page - 3 
management - 3 
IT - 3 
Help - 3 
enterprise - 3 
Enterprise - 3 
Products - 3 
cloud - 3 
performance - 3 
Servers - 2 
Rights - 2 
then - 2 
reserved - 2 
complexity - 2 
I - 2 
availability - 2 
are - 2 
Notices - 2 
Java - 2 
business - 2 
Services - 2 
Your - 2 
Click - 2 
Manager - 2 
features - 2 
its - 2 
About - 2 
Storage - 2 
name - 2 
Virtualization - 2 
Us - 2 
Legal - 2 
content - 2 
Language - 2 
Big - 2 
Applications - 2 
home - 2 
service - 2 
select - 2 
advanced - 2 
tips - 2 
Privacy - 2 
Database - 2 
reduce - 2 
Advanced - 2 
Networking - 2 
rights - 2 
categories - 2 
copy - 2 
Use - 2 
main - 2 
Copyright - 2 
high - 2 
portfolio - 2 
find - 2 
from - 2 
new - 2 
Terms - 2 
my - 2 
Middleware - 2 
Operating - 2 
Browse - 2 
Delivering - 2 
simplified - 2 
affiliates - 2 
Option - 2 
Engineered - 2 
can - 2 
cost - 2 
Data - 2 
Contact - 2 
Cloud - 2 
Find - 2 
category - 2 
stack - 1 
about - 1 
quotes - 1 
pick - 1 
complex - 1 
diverse - 1 
Then - 1 
Enabling - 1 
databases - 1 
using - 1 
upgrade - 1 
documentation - 1 
version - 1 
Two - 1 
Firefox - 1 
See - 1 
at - 1 
selection - 1 
left - 1 
A - 1 
Selection - 1 
One - 1 
global - 1 
An - 1 
The - 1 
systems - 1 
operating - 1 
listing - 1 
latest - 1 
apps - 1 
innovation - 1 
contain - 1 
one - 1 
words - 1 
started - 1 
queries - 1 
Premier - 1 
After - 1 
information - 1 
vast - 1 
standard - 1 
Safari - 1 
developing - 1 
secure - 1 
guides - 1 
view - 1 
outdated - 1 
dynamic - 1 
delivering - 1 
needs - 1 
which - 1 
For - 1 
Term - 1 
Please - 1 
know - 1 
Internet - 1 
useful - 1 
support - 1 
Explorer - 1 
full - 1 
sources - 1 
submit - 1 
choose - 1 
we - 1 
Whether - 1 
getting - 1 
not - 1 
Chrome - 1 
Hardware - 1 
multiple - 1 
filters - 1 
technology - 1 
Provides - 1 
ranging - 1 
Apple - 1 
applications - 1 
software - 1 
release - 1 
connectivity - 1 
sidebar - 1 
Example - 1 
broad - 1 
Back - 1 
narrow - 1 
Microsoft - 1 
tasks - 1 
hardware - 1 
Refine - 1 
Google - 1 
in - 1 
innovative - 1 
provide - 1 
analyze - 1 
following - 1 
If - 1 
Browser - 1 
Industries - 1 
Mozilla - 1 
foundation - 1 
our - 1 
flexibility - 1 
world - 1 
surround - 1 
Improve - 1 
more - 1 
lead - 1 
help - 1 
Choice - 1 
data - 1 
environments - 1 
experience - 1 
enterprises - 1 
that - 1 
tab - 1 
alphabetical - 1 
bottom - 1 
Skip - 1 
try - 1 
best - 1 
platform - 1 
integrated - 1 
computing - 1 
organize - 1 
Feedback - 1 
browser - 1 
virtualize - 1 
OK - 1 
Navigation - 1 
Simplify - 1 
From - 1 
English - 1 
Welcome - 1 
simplify - 1 
respond - 1 
resubmit - 1 
user - 1 
You - 1 
On - 1 
Total: 488
