Cannot connect to the 'http://finance.ua'

java.lang.NullPointerException
	at java.util.regex.Matcher.getTextLength(Matcher.java:1283)
	at java.util.regex.Matcher.reset(Matcher.java:309)
	at java.util.regex.Matcher.<init>(Matcher.java:229)
	at java.util.regex.Pattern.matcher(Pattern.java:1093)
	at com.mc.kushnirenko.task.URLProcessor.validateContentType(URLProcessor.java:115)
	at com.mc.kushnirenko.task.URLProcessor.processResource(URLProcessor.java:62)
	at com.mc.kushnirenko.task.RunApp.main(RunApp.java:34)
	at sun.reflect.NativeMethodAccessorImpl.invoke0(Native Method)
	at sun.reflect.NativeMethodAccessorImpl.invoke(NativeMethodAccessorImpl.java:62)
	at sun.reflect.DelegatingMethodAccessorImpl.invoke(DelegatingMethodAccessorImpl.java:43)
	at java.lang.reflect.Method.invoke(Method.java:498)
	at com.intellij.rt.execution.application.AppMain.main(AppMain.java:147)
Word processing results: 
и - 164 
в - 105 
на - 40 
о - 34 
Смотреть - 30 
не - 27 
nbsp - 26 
Церкви - 25 
Голосов - 24 
жизни - 24 
Рейтинг - 24 
жизнь - 23 
В - 21 
к - 21 
Великого - 21 
Протоиерей - 18 
а - 18 
с - 17 
что - 16 
по - 16 
Слово - 15 
поста - 15 
я - 14 
Рождество - 14 
монастыря - 14 
день - 13 
О - 13 
Митрополит - 13 
все - 13 
для - 13 
Жизнь - 13 
как - 12 
всех - 12 
из - 12 
мы - 12 
но - 12 
Христово - 12 
И - 11 
й - 11 
Господь - 11 
нас - 11 
был - 10 
Духовная - 10 
Сретенского - 10 
Как - 10 
Андрей - 9 
у - 9 
Николай - 9 
Русской - 9 
время - 9 
Священник - 9 
его - 8 
Общество - 8 
храма - 8 
от - 8 
человек - 8 
Бог - 8 
Церковь - 8 
Поста - 8 
земле - 8 
Что - 8 
только - 7 
тем - 7 
до - 7 
за - 7 
ли - 7 
Великий - 7 
Священномученик - 7 
истории - 7 
Патриарх - 7 
России - 7 
священнику - 7 
или - 7 
Книга - 6 
Сретенском - 6 
Иеромонах - 6 
Патриарха - 6 
Игумен - 6 
во - 6 
же - 6 
История - 6 
Архимандрит - 6 
Бога - 6 
курсы - 6 
всего - 6 
монастыре - 6 
Павел - 6 
Епископ - 6 
седмицы - 6 
марта - 6 
Все - 6 
Владимир - 6 
Богослужение - 5 
ФОТОРЕПОРТАЖ - 5 
Святитель - 5 
мире - 5 
Ткачев - 5 
когда - 5 
Свои - 5 
без - 5 
Видео - 5 
Не - 5 
Он - 5 
семьи - 5 
меня - 5 
рассказы - 5 
Морозов - 5 
православный - 5 
Православие - 5 
чтобы - 5 
ее - 5 
Если - 5 
их - 5 
спасения - 5 
себя - 5 
нашей - 5 
богослужений - 5 
Вопросы - 5 
монастырь - 5 
Неделя - 5 
должны - 5 
Нектарий - 5 
мне - 5 
люди - 5 
это - 5 
сердце - 5 
свою - 5 
Прот - 5 
Серафим - 5 
нам - 5 
духовная - 5 
превыше - 4 
людей - 4 
Богородицы - 4 
Рябко - 4 
совесть - 4 
чужие - 4 
Евангелие - 4 
Интервью - 4 
есть - 4 
этой - 4 
Семья - 4 
Четверток - 4 
праведного - 4 
вошли - 4 
Культура - 4 
культуре - 4 
СМИ - 4 
Анна - 4 
календарь - 4 
Георгий - 4 
Мы - 4 
протоиереем - 4 
Лавреотикийский - 4 
Лимасольский - 4 
А - 4 
Гумеров - 4 
г - 4 
Афанасий - 4 
ю - 4 
Православный - 4 
Православные - 4 
ковчег - 4 
Новомучеников - 4 
Православной - 4 
чем - 4 
Александр - 4 
пост - 4 
Алексий - 4 
Олег - 4 
Святые - 4 
была - 4 
книгу - 4 
Проповеди - 4 
спасение - 4 
он - 4 
вода - 4 
веры - 4 
Кирилл - 4 
Богу - 4 
столетия - 4 
Цитаты - 4 
быть - 4 
Чудеса - 4 
после - 4 
Иисуса - 4 
Неделю - 4 
чистоте - 4 
руки - 4 
Рождества - 4 
Господи - 4 
историю - 4 
духовной - 4 
просветительские - 4 
мир - 4 
Игорь - 4 
ибо - 4 
мое - 4 
моя - 4 
смерть - 4 
Христова - 4 
Рассказы - 4 
Месогейский - 4 
сердца - 4 
Мониторинг - 4 
Руси - 4 
Божий - 4 
сорок - 4 
Крещения - 4 
Лекция - 4 
Велимирович - 3 
Аудио - 3 
При - 3 
Защита - 3 
Христа - 3 
христианской - 3 
Диакон - 3 
Сретенский - 3 
Григория - 3 
помогает - 3 
Новости - 3 
этот - 3 
Анастасия - 3 
летней - 3 
тот - 3 
хлеб - 3 
На - 3 
От - 3 
Книжный - 3 
Паламы - 3 
добродетели - 3 
Мария - 3 
видео - 3 
греха - 3 
становится - 3 
Это - 3 
Крупин - 3 
годовщины - 3 
первые - 3 
главного - 3 
Свт - 3 
наше - 3 
наши - 3 
души - 3 
сайта - 3 
Церковью - 3 
Хор - 3 
Расписание - 3 
Чедия - 3 
Рождественские - 3 
Миропомазания - 3 
Действительно - 3 
места - 3 
об - 3 
Когда - 3 
со - 3 
лет - 3 
смуты - 3 
своей - 3 
святителя - 3 
себе - 3 
благочестия - 3 
через - 3 
Его - 3 
рассылку - 3 
учение - 3 
ВИДЕО - 3 
может - 3 
Иларион - 3 
год - 3 
открылся - 3 
иконы - 3 
такое - 3 
Россия - 3 
история - 3 
своих - 3 
Священное - 3 
церковной - 3 
своего - 3 
русских - 3 
Божественный - 3 
эта - 3 
моменты - 3 
любовь - 3 
много - 3 
вопрос - 3 
Таинство - 3 
Тихон - 3 
Татьяна - 3 
дней - 3 
нечестивых - 3 
случаю - 3 
молиться - 3 
начала - 3 
годы - 3 
даже - 3 
святыни - 3 
Царьград - 3 
Лев - 3 
покрывает - 2 
ним - 2 
них - 2 
вокруг - 2 
Тебя - 2 
Христу - 2 
независтливое - 2 
Богородица - 2 
дохристианской - 2 
Христос - 2 
искупление - 2 
суд - 2 
I - 2 
Вениамин - 2 
Клеоник - 2 
доверчивое - 2 
лишилась - 2 
ночей - 2 
дело - 2 
деле - 2 
Отец - 2 
умерло - 2 
Сергий - 2 
незлобивое - 2 
Просили - 2 
совет - 2 
выход - 2 
гадах - 2 
лекция - 2 
Сергей - 2 
Европы - 2 
русского - 2 
плавал - 2 
враг - 2 
хорошей - 2 
довольствовались - 2 
Храмы - 2 
слова - 2 
определиться - 2 
миновать - 2 
суше - 2 
Святителя - 2 
измерение - 2 
Бытие - 2 
Микробиология - 2 
Сретенским - 2 
относиться - 2 
Андрея - 2 
недостатка - 2 
имело - 2 
Юрий - 2 
власть - 2 
имели - 2 
тексты - 2 
Соломона - 2 
Пусть - 2 
Московский - 2 
другие - 2 
так - 2 
расслабленного - 2 
концерт - 2 
митрополит - 2 
English - 2 
Исторический - 2 
возвысился - 2 
Седмица - 2 
возбуждает - 2 
христианка - 2 
деревне - 2 
пророка - 2 
Сретенской - 2 
атеистического - 2 
Просветительские - 2 
сражение - 2 
небесах - 2 
плоть - 2 
заключается - 2 
Игнатий - 2 
между - 2 
Иисус - 2 
боюсь - 2 
присоединяются - 2 
Адодин - 2 
Сержантов - 2 
Српска - 2 
Хризостом - 2 
молитве - 2 
если - 2 
Василиск - 2 
вспомнил - 2 
уста - 2 
язык - 2 
Иконография - 2 
Кипрушкин - 2 
Телеканал - 2 
остановились - 2 
серебро - 2 
умножалась - 2 
портала - 2 
Свет - 2 
уральского - 2 
Отдел - 2 
Войинович - 2 
праздника - 2 
Февральской - 2 
том - 2 
похвалы - 2 
Париманчук - 2 
празднике - 2 
христианин - 2 
Но - 2 
гневался - 2 
ФОТО - 2 
предстоящее - 2 
Сретение - 2 
многих - 2 
По - 2 
фрукты - 2 
грех - 2 
Се - 2 
четверг - 2 
она - 2 
Конанос - 2 
они - 2 
сила - 2 
моей - 2 
Ты - 2 
Беседа - 2 
Hall - 2 
безмолвие - 2 
Богоявленский - 2 
наводнение - 2 
Иоанна - 2 
Опорные - 2 
рудимент - 2 
надо - 2 
Лучшие - 2 
радуются - 2 
семинарией - 2 
всея - 2 
отвратил - 2 
сказка - 2 
Исаии - 2 
грехи - 2 
подчиняемся - 2 
Патриарший - 2 
Уста - 2 
Великом - 2 
Воскресения - 2 
вторая - 2 
Схиархимандрит - 2 
глупые - 2 
квинтэссенцию - 2 
Кроткое - 2 
Возможно - 2 
Евтропий - 2 
рядом - 2 
Гнатенко - 2 
прочитана - 2 
Свешникова - 2 
первых - 2 
Рождественская - 2 
рубль - 2 
обучения - 2 
оптовых - 2 
воспитывает - 2 
вас - 2 
посты - 2 
пачкаться - 2 
Лебедев - 2 
красок - 2 
кто - 2 
птицы - 2 
империи - 2 
игрушкой - 2 
Колонка - 2 
преставление - 2 
ангелы - 2 
бы - 2 
аудио - 2 
уже - 2 
гг - 2 
простое - 2 
взяла - 2 
доброе - 2 
Роман - 2 
обретения - 2 
Шестаков - 2 
Божией - 2 
духа - 2 
Ольга - 2 
Втюрин - 2 
Благодарили - 2 
сборник - 2 
звона - 2 
скучать - 2 
было - 2 
Притчи - 2 
им - 2 
Пасхи - 2 
Державной - 2 
Отборное - 2 
пасут - 2 
ангельскому - 2 
смиренное - 2 
Алфеев - 2 
писателя - 2 
Проповедь - 2 
является - 2 
недоумевает - 2 
вне - 2 
Петр - 2 
Православных - 2 
звери - 2 
вод - 2 
церковного - 2 
патриархов - 2 
скоты - 2 
Максимов - 2 
Смерть - 2 
Орлова - 2 
ФОТОГАЛЕРЕЯ - 2 
подняла - 2 
священников - 2 
православном - 2 
некорыстное - 2 
вся - 2 
Вступим - 2 
раздоры - 2 
книге - 2 
книга - 2 
факты - 2 
Ведяева - 2 
Нафанаил - 2 
Петре - 2 
се - 2 
Праздники - 2 
воды - 2 
центр - 2 
Семейная - 2 
Никон - 2 
version - 2 
Добродетели - 2 
то - 2 
Комаров - 2 
гады - 2 
Crocus - 2 
пор - 2 
весьма - 2 
Божественная - 2 
гонений - 2 
вере - 2 
одной - 2 
Бесы - 2 
снова - 2 
Ное - 2 
свободу - 2 
уповаю - 2 
летия - 2 
мирян - 2 
людьми - 2 
Монастырский - 2 
Владычицы - 2 
Устав - 2 
Матери - 2 
говорит - 2 
Неразменный - 2 
нелживое - 2 
Рожнёва - 2 
взрослый - 2 
II - 2 
века - 2 
Иоанн - 2 
одним - 2 
всякая - 2 
литургия - 2 
Герои - 2 
змий - 2 
литургии - 2 
исповедников - 2 
Подпишитесь - 2 
Литургии - 2 
cухоядение - 2 
шла - 2 
огромное - 2 
Юбилейный - 2 
Шевкунов - 2 
Авторы - 2 
Ноздрин - 2 
Выбор - 2 
православного - 2 
учения - 2 
традиции - 2 
Твой - 2 
Виктором - 2 
поверхности - 2 
верзиjа - 2 
чистое - 2 
Интересные - 2 
старца - 2 
Спаситель - 2 
мышления - 2 
ныне - 2 
монастырем - 2 
благоприятное - 2 
монастыри - 2 
Казанский - 2 
Ему - 2 
курсов - 2 
раз - 2 
редактора - 2 
человека - 2 
Новый - 2 
Горюнова - 2 
устав - 2 
колокольного - 2 
Савчук - 2 
Актуальный - 2 
польза - 2 
Стихи - 2 
Рахновский - 2 
материалы - 2 
духовных - 2 
Страшный - 2 
нелукавое - 2 
отношений - 2 
стихи - 2 
исцелении - 2 
внутри - 2 
страстей - 2 
времена - 2 
несчастье - 2 
ветхозаветных - 2 
инстинктов - 2 
мучь - 2 
продаж - 2 
самой - 2 
гнев - 2 
Издательства - 2 
Записи - 2 
Красовицкий - 2 
Рождестве - 2 
рамках - 2 
Войтишко - 2 
Издательство - 2 
пресмыкающихся - 2 
сохранил - 2 
Посте - 2 
многословии - 2 
Николаенко - 2 
Стеняев - 2 
просветительских - 2 
Медиа - 2 
ребенок - 2 
Мученики - 2 
Ненависть - 2 
духовное - 2 
нести - 2 
кому - 2 
царя - 2 
Егорьевский - 2 
Она - 2 
открывают - 2 
Волоколамский - 2 
землю - 2 
Пресвятыя - 2 
ветер - 2 
Юлия - 2 
навел - 2 
Скипетр - 2 
овощи - 2 
Революция - 2 
хору - 2 
бояться - 2 
бывших - 2 
сознание - 2 
сдерживающий - 2 
ВДНХ - 2 
Илий - 2 
Человек - 2 
Геннадий - 2 
Илие - 2 
Народ - 2 
Именно - 2 
исцелить - 2 
возрождения - 2 
некогда - 2 
утратив - 2 
Нему - 2 
землею - 2 
птицах - 2 
Звездинский - 2 
теряет - 2 
одного - 2 
продолжалось - 2 
Всякий - 2 
Среда - 2 
скажешь - 2 
которой - 2 
непрелюбодейное - 2 
начинают - 2 
умирают - 2 
зверях - 2 
ноздрях - 2 
редакции - 2 
смерти - 2 
эту - 2 
Кухня - 2 
детей - 2 
ковчеге - 2 
Февронии - 2 
чтения - 2 
сердечного - 2 
Революции - 2 
пение - 2 
City - 2 
Него - 2 
неподозрительное - 2 
Кто - 2 
рассказов - 2 
событий - 2 
благоприятным - 2 
Бесскорбная - 2 
Илья - 2 
подвижники - 2 
Успения - 2 
Клеопа - 2 
Москве - 2 
служил - 2 
утешил - 2 
дыхание - 2 
порой - 2 
свои - 2 
парк - 2 
Псалтирь - 2 
Божественной - 2 
Монашество - 2 
Святейший - 2 
ничтожество - 2 
разумен - 2 
праздник - 2 
пленных - 2 
следование - 2 
разума - 2 
временем - 2 
усиливалась - 2 
берут - 2 
Псалтири - 2 
престола - 2 
Крещение - 2 
тему - 2 
над - 2 
сих - 2 
святое - 2 
паки - 2 
Моисеев - 2 
Воспитание - 2 
государь - 2 
которые - 2 
Вот - 2 
ПРАВОСЛАВИЕ - 2 
будет - 2 
свет - 2 
державу - 2 
мешаем - 2 
ползающие - 2 
проводимых - 2 
движущаяся - 2 
Фото - 2 
апреля - 2 
скотах - 2 
количество - 2 
ней - 2 
холи - 2 
году - 2 
проповеди - 2 
Леонид - 2 
Публикации - 2 
Пассии - 2 
года - 2 
Полянский - 2 
славлю - 2 
умножилась - 2 
Духовно - 1 
Цымбаревич - 1 
улыбки - 1 
пробуждая - 1 
Цыпин - 1 
девять - 1 
рассказ - 1 
Кудрячов - 1 
уверовать - 1 
случилось - 1 
достатка - 1 
Евангелиях - 1 
Холи - 1 
множество - 1 
индуистский - 1 
трудные - 1 
добротой - 1 
появилась - 1 
обладают - 1 
Инфографика - 1 
пропаганде - 1 
Туринской - 1 
послушанию - 1 
Галицкий - 1 
диавол - 1 
Прп - 1 
Искупил - 1 
природа - 1 
полезны - 1 
подготовиться - 1 
проблему - 1 
Опросы - 1 
проект - 1 
Малая - 1 
проблемы - 1 
дела - 1 
убиенном - 1 
достигается - 1 
Двенадцать - 1 
Подвижники - 1 
возрождать - 1 
русскоязычных - 1 
Прости - 1 
святки - 1 
успокоиться - 1 
Станем - 1 
Текст - 1 
подарков - 1 
Елизаветой - 1 
повествование - 1 
Слова - 1 
собеседованием - 1 
школьного - 1 
рожден - 1 
предстоятелем - 1 
постепенно - 1 
арестов - 1 
исподволь - 1 
речей - 1 
настоятель - 1 
соседствующая - 1 
трудоустройства - 1 
Смирнова - 1 
одиночных - 1 
подобная - 1 
проживает - 1 
рождества - 1 
малой - 1 
Мудрая - 1 
труды - 1 
Книжная - 1 
лжетрадиции - 1 
настоятеле - 1 
обратилась - 1 
Событие - 1 
Сретенская - 1 
групп - 1 
равноапостольным - 1 
написал - 1 
Престольный - 1 
Зато - 1 
устремлены - 1 
боимся - 1 
вселенной - 1 
Назарета - 1 
жатвой - 1 
Судьи - 1 
провели - 1 
кончины - 1 
наполнить - 1 
евангельский - 1 
Иллюстрации - 1 
духовника - 1 
Пещное - 1 
ответственность - 1 
слово - 1 
бабы - 1 
практического - 1 
Бытия - 1 
имеет - 1 
ввергает - 1 
комфорта - 1 
научиться - 1 
епископ - 1 
Андреем - 1 
Григорий - 1 
мастерская - 1 
народной - 1 
трагедия - 1 
обрушилась - 1 
продолжается - 1 
митрополичьи - 1 
столь - 1 
усваиваются - 1 
Ярославские - 1 
младшего - 1 
области - 1 
Книгу - 1 
богословом - 1 
колена - 1 
навсегда - 1 
прославленных - 1 
Пуста - 1 
Иверского - 1 
Зверь - 1 
Вырицкого - 1 
крестных - 1 
масштабная - 1 
состоянии - 1 
пытается - 1 
слабый - 1 
святого - 1 
заставляют - 1 
Детство - 1 
возглавителя - 1 
уроков - 1 
Записки - 1 
Вифлеемская - 1 
иногда - 1 
нового - 1 
храм - 1 
евангельское - 1 
верят - 1 
чудовищной - 1 
общества - 1 
других - 1 
житие - 1 
богатую - 1 
образом - 1 
счастливые - 1 
предстоящую - 1 
представленные - 1 
небесных - 1 
Ирина - 1 
адмиралов - 1 
проявилось - 1 
девяностые - 1 
убежденные - 1 
Московской - 1 
должностей - 1 
крах - 1 
Резьба - 1 
архимандрита - 1 
Епархия - 1 
волны - 1 
Рахлина - 1 
многом - 1 
Святоотеческое - 1 
Ларше - 1 
возводит - 1 
полное - 1 
Дербенева - 1 
Свой - 1 
Петровича - 1 
тех - 1 
Во - 1 
рано - 1 
считает - 1 
глубочайшего - 1 
Волшебная - 1 
привили - 1 
долю - 1 
антики - 1 
реформ - 1 
пересчитать - 1 
картах - 1 
Унчуляк - 1 
Размер - 1 
христианина - 1 
Елизаветы - 1 
антихристианскую - 1 
синоптических - 1 
Московскую - 1 
Самого - 1 
самого - 1 
требует - 1 
сожжения - 1 
скромного - 1 
Игнатия - 1 
центральный - 1 
змием - 1 
содомии - 1 
виде - 1 
образа - 1 
Никогда - 1 
Сергеевна - 1 
деньгах - 1 
статьи - 1 
песен - 1 
Серафима - 1 
происходят - 1 
бил - 1 
иных - 1 
молитва - 1 
Оптинский - 1 
чудесным - 1 
молитвы - 1 
Николаевна - 1 
чудесный - 1 
честь - 1 
мной - 1 
близких - 1 
храме - 1 
Этими - 1 
молитвенников - 1 
Киевского - 1 
епископа - 1 
наследие - 1 
исключительно - 1 
храму - 1 
Приснодевы - 1 
Из - 1 
целей - 1 
Им - 1 
послевоенные - 1 
разных - 1 
Светлана - 1 
шахты - 1 
содержит - 1 
обстоятельства - 1 
молитвенником - 1 
Рим - 1 
стоял - 1 
права - 1 
пустого - 1 
Днепропетровской - 1 
проникли - 1 
комитет - 1 
Савва - 1 
богослужебных - 1 
Поздравления - 1 
крупных - 1 
концепции - 1 
Идеи - 1 
сельского - 1 
предательски - 1 
страна - 1 
ведут - 1 
Патриарху - 1 
впасть - 1 
православия - 1 
оттуда - 1 
сериалов - 1 
страны - 1 
воцерковление - 1 
жесточайших - 1 
войдут - 1 
съездил - 1 
XIX - 1 
Годы - 1 
получилось - 1 
дети - 1 
читателей - 1 
уверенность - 1 
Крутицкий - 1 
крестился - 1 
Шмелев - 1 
крест - 1 
богословы - 1 
доилец - 1 
делает - 1 
три - 1 
почти - 1 
звезда - 1 
призываю - 1 
Илларион - 1 
подобно - 1 
принести - 1 
КОЛОНКИ - 1 
семью - 1 
последняя - 1 
возраста - 1 
реальных - 1 
Подписаться - 1 
Георгия - 1 
Зайцево - 1 
раскрывают - 1 
этикета - 1 
подвижником - 1 
нерукотворный - 1 
достает - 1 
истину - 1 
словах - 1 
летоисчесление - 1 
Конечное - 1 
Терновый - 1 
эпоху - 1 
раздираемое - 1 
авторы - 1 
МЕДИА - 1 
боятся - 1 
невероятных - 1 
добре - 1 
Затворник - 1 
Гдовский - 1 
Основные - 1 
помощь - 1 
мысль - 1 
выполнены - 1 
первом - 1 
Я - 1 
Книжные - 1 
тут - 1 
Свящ - 1 
заброшенной - 1 
Беседы - 1 
простят - 1 
течение - 1 
исследований - 1 
родительский - 1 
автора - 1 
благочестивой - 1 
сказок - 1 
Ибо - 1 
иерарх - 1 
Православную - 1 
оно - 1 
денется - 1 
зачитываемся - 1 
искать - 1 
бросил - 1 
подобие - 1 
Богословие - 1 
То - 1 
знают - 1 
безбожия - 1 
наставника - 1 
Важно - 1 
Дмитрий - 1 
существовании - 1 
кем - 1 
телесных - 1 
Рима - 1 
Грусть - 1 
LiveJournal - 1 
Духанин - 1 
Человеком - 1 
Избранные - 1 
Чтобы - 1 
Человеческий - 1 
ХХ - 1 
направлять - 1 
дедушек - 1 
Болезнь - 1 
далеких - 1 
Владислава - 1 
делают - 1 
Святое - 1 
Византийской - 1 
тяжелый - 1 
истинным - 1 
единство - 1 
надвое - 1 
Донецк - 1 
мысли - 1 
революция - 1 
шалопай - 1 
интересные - 1 
отразил - 1 
Марии - 1 
грехе - 1 
мере - 1 
Встреча - 1 
США - 1 
христианам - 1 
изречение - 1 
цитаты - 1 
Бьюкенен - 1 
ссылка - 1 
приведенных - 1 
печатаются - 1 
ссылки - 1 
Киевскую - 1 
повествует - 1 
Великое - 1 
любимых - 1 
Первенце - 1 
закладка - 1 
Дай - 1 
увидим - 1 
продолжая - 1 
находясь - 1 
находят - 1 
Цыпина - 1 
Отечеством - 1 
таинствах - 1 
Митр - 1 
Северном - 1 
Венец - 1 
отметил - 1 
пустыни - 1 
Российская - 1 
Украины - 1 
достаточно - 1 
стать - 1 
великого - 1 
установленный - 1 
Дмитриев - 1 
Украина - 1 
отчаяния - 1 
половины - 1 
Александровичем - 1 
подтвердит - 1 
народа - 1 
Елисавета - 1 
Дурачок - 1 
новости - 1 
Родина - 1 
Медведева - 1 
стихотворений - 1 
интерпретации - 1 
Белая - 1 
красивая - 1 
государственной - 1 
обычные - 1 
страдать - 1 
излечении - 1 
Царем - 1 
Христианскую - 1 
первым - 1 
контрнаступление - 1 
Мелхиседек - 1 
последований - 1 
действии - 1 
памяти - 1 
архиепископ - 1 
Служба - 1 
Палама - 1 
религиозный - 1 
достичь - 1 
Скоро - 1 
Известный - 1 
происходил - 1 
таинстве - 1 
разрушенных - 1 
Душанбинский - 1 
Действо - 1 
новомучеников - 1 
оптом - 1 
Брянчанинова - 1 
Ридигер - 1 
Крестьянкина - 1 
Симанский - 1 
лишен - 1 
литургические - 1 
следовало - 1 
неделю - 1 
самый - 1 
уголовную - 1 
Елицы - 1 
Валерий - 1 
Пролога - 1 
Откуда - 1 
молитвенную - 1 
занимавший - 1 
самые - 1 
ад - 1 
утверждают - 1 
роль - 1 
стояния - 1 
Крылатый - 1 
ходили - 1 
Киевский - 1 
сане - 1 
церковь - 1 
Тупейный - 1 
истинное - 1 
Мессия - 1 
правила - 1 
приложении - 1 
подсудимого - 1 
Чего - 1 
выработать - 1 
опекает - 1 
душу - 1 
нашу - 1 
сами - 1 
борьбы - 1 
сказал - 1 
Ильей - 1 
Наместник - 1 
Снычев - 1 
наша - 1 
вел - 1 
душа - 1 
афонского - 1 
Зарубежная - 1 
вы - 1 
ваша - 1 
прости - 1 
Магазин - 1 
Стеняевым - 1 
значительной - 1 
Филиппа - 1 
Нового - 1 
настоящая - 1 
личной - 1 
опорного - 1 
зарплате - 1 
Феофан - 1 
Эпоха - 1 
Клуб - 1 
приводят - 1 
американских - 1 
перед - 1 
подлинно - 1 
введено - 1 
файл - 1 
тяжелы - 1 
другое - 1 
стойкости - 1 
двух - 1 
презентация - 1 
рождественским - 1 
посвящена - 1 
опирается - 1 
раннего - 1 
собственных - 1 
свойством - 1 
великих - 1 
Неожиданные - 1 
плодами - 1 
камерах - 1 
Шаргунов - 1 
Неотступно - 1 
разорвало - 1 
эпох - 1 
совсем - 1 
Рубрики - 1 
пути - 1 
призму - 1 
Нам - 1 
Архим - 1 
сторон - 1 
Архив - 1 
позиция - 1 
Возвращение - 1 
Метафоры - 1 
Христовом - 1 
сознательно - 1 
Житие - 1 
Статьи - 1 
бездомных - 1 
призвана - 1 
объединенной - 1 
духовного - 1 
могущественного - 1 
Иакинф - 1 
верным - 1 
событиях - 1 
судит - 1 
серию - 1 
Божиим - 1 
дошкольного - 1 
Платонида - 1 
Божиих - 1 
поздно - 1 
христианство - 1 
Дмитровский - 1 
ужасно - 1 
недельный - 1 
готовится - 1 
Девять - 1 
вероучения - 1 
шаги - 1 
крещения - 1 
всенародно - 1 
Солодовников - 1 
важнейшую - 1 
уступать - 1 
кормила - 1 
княгини - 1 
Муромских - 1 
почестей - 1 
священномученик - 1 
понять - 1 
отвыкнуть - 1 
Раскольники - 1 
жить - 1 
спасительных - 1 
строгим - 1 
примерно - 1 
миссия - 1 
Например - 1 
собор - 1 
каждый - 1 
ни - 1 
участи - 1 
Размышления - 1 
Российской - 1 
фантастическим - 1 
верующего - 1 
плана - 1 
посмотрим - 1 
Загадочные - 1 
Христом - 1 
вставал - 1 
гонителями - 1 
набатный - 1 
кафедры - 1 
православной - 1 
Одноклассники - 1 
города - 1 
скрипка - 1 
Исследуя - 1 
городе - 1 
занимать - 1 
письмоводителя - 1 
Контактная - 1 
редкой - 1 
очень - 1 
Севастополь - 1 
книжек - 1 
книги - 1 
благочестивые - 1 
примером - 1 
выпало - 1 
гаданиям - 1 
Владислав - 1 
гаданиях - 1 
Сто - 1 
бабушки - 1 
перепечатке - 1 
Олегом - 1 
Овцебык - 1 
стал - 1 
героям - 1 
став - 1 
ситуации - 1 
чуть - 1 
Поместные - 1 
таким - 1 
доверие - 1 
Магистр - 1 
Создатели - 1 
одно - 1 
Русская - 1 
фрески - 1 
Вопрос - 1 
Создателя - 1 
самих - 1 
фото - 1 
Греция - 1 
архиерея - 1 
такие - 1 
насколько - 1 
зияющей - 1 
европейской - 1 
оказался - 1 
читателю - 1 
уж - 1 
читателя - 1 
длинной - 1 
близость - 1 
третьего - 1 
Япония - 1 
человеческая - 1 
недавно - 1 
данным - 1 
нерв - 1 
второго - 1 
замечательной - 1 
также - 1 
веру - 1 
Опасности - 1 
книг - 1 
прошлый - 1 
Печерские - 1 
дежурные - 1 
рассказывает - 1 
Победоносца - 1 
наконец - 1 
звучал - 1 
Розине - 1 
света - 1 
Писание - 1 
Иудина - 1 
свете - 1 
письменном - 1 
приговор - 1 
нищете - 1 
крепкие - 1 
летие - 1 
Деточки - 1 
изменить - 1 
отказывается - 1 
близок - 1 
новомученников - 1 
прошла - 1 
слышали - 1 
один - 1 
патриаршего - 1 
мучеников - 1 
языческий - 1 
Греции - 1 
любят - 1 
необычайно - 1 
заживо - 1 
Федоровна - 1 
подчас - 1 
способен - 1 
февральская - 1 
тюремных - 1 
изнутри - 1 
Израилевым - 1 
галилейского - 1 
качества - 1 
исповедал - 1 
Далматовский - 1 
Империя - 1 
побеждает - 1 
качество - 1 
Опыт - 1 
падениям - 1 
Сын - 1 
преобразований - 1 
лучшие - 1 
открытостью - 1 
никогда - 1 
цапля - 1 
Василик - 1 
нашея - 1 
лоб - 1 
школах - 1 
нужно - 1 
иконописцы - 1 
Кавказского - 1 
взглянуть - 1 
Посланием - 1 
Сказками - 1 
печально - 1 
телеканале - 1 
зеленым - 1 
нужна - 1 
опасаюсь - 1 
Вконтакте - 1 
проводили - 1 
Повести - 1 
современном - 1 
нашим - 1 
главную - 1 
плод - 1 
возмездие - 1 
отстаивали - 1 
беседы - 1 
рецептов - 1 
случаев - 1 
жизнеописания - 1 
перезахоронения - 1 
познаем - 1 
Леонида - 1 
Повесть - 1 
MP - 1 
Спасский - 1 
желания - 1 
Агриков - 1 
Страшного - 1 
змей - 1 
Mb - 1 
душевным - 1 
назад - 1 
Вечернее - 1 
юного - 1 
желание - 1 
зле - 1 
великой - 1 
свидетельницей - 1 
завершил - 1 
основания - 1 
усомнившийся - 1 
Православием - 1 
раздает - 1 
московского - 1 
зла - 1 
лавры - 1 
общем - 1 
Поиск - 1 
ведь - 1 
катастрофой - 1 
где - 1 
родника - 1 
бабушек - 1 
выдающегося - 1 
понятия - 1 
отцов - 1 
Храм - 1 
епархии - 1 
Твои - 1 
учении - 1 
прозу - 1 
духовными - 1 
Лескова - 1 
апостола - 1 
зачало - 1 
Наше - 1 
пальцам - 1 
вдруг - 1 
обозначить - 1 
друг - 1 
Заветное - 1 
вечной - 1 
живущих - 1 
исторической - 1 
богослужение - 1 
Спасителя - 1 
знавший - 1 
являются - 1 
можно - 1 
принятым - 1 
привел - 1 
Великая - 1 
колядки - 1 
Пишет - 1 
мудростью - 1 
магазин - 1 
патриарх - 1 
образование - 1 
Живут - 1 
дереву - 1 
необходимо - 1 
Центр - 1 
чудо - 1 
профессора - 1 
cюжета - 1 
шесть - 1 
человеку - 1 
доктора - 1 
болезненных - 1 
Обзор - 1 
мыслителя - 1 
Петербургскую - 1 
библиотека - 1 
отношения - 1 
представить - 1 
Продолжительность - 1 
Русскую - 1 
семинария - 1 
Святейшего - 1 
укрепляют - 1 
автор - 1 
Лесков - 1 
чудотворном - 1 
Путь - 1 
храмах - 1 
Рахновским - 1 
Пугало - 1 
положение - 1 
вышел - 1 
повествующие - 1 
патриархата - 1 
адресована - 1 
современный - 1 
современных - 1 
странные - 1 
подвиг - 1 
проявился - 1 
приобретения - 1 
положения - 1 
внукам - 1 
творения - 1 
чувств - 1 
больше - 1 
Истрати - 1 
сложной - 1 
недостает - 1 
бездна - 1 
Youtube - 1 
бездне - 1 
рукополагались - 1 
заложником - 1 
Константином - 1 
бездну - 1 
бездны - 1 
Костомарово - 1 
преувеличений - 1 
жизненные - 1 
приближении - 1 
жизненный - 1 
кухня - 1 
КОНТАКТЫ - 1 
АВТОРСКИЕ - 1 
Иван - 1 
мая - 1 
широком - 1 
посоветовал - 1 
фотогалерея - 1 
Потому - 1 
отрочество - 1 
перспективе - 1 
Зачастую - 1 
записных - 1 
вещи - 1 
акцию - 1 
такой - 1 
Том - 1 
последовательно - 1 
фотогалереи - 1 
иконе - 1 
обращенностью - 1 
Петроградский - 1 
Красовицким - 1 
благодаря - 1 
преображения - 1 
Россию - 1 
Господа - 1 
Православная - 1 
викарий - 1 
называют - 1 
обновления - 1 
Нагорной - 1 
дорогие - 1 
пишет - 1 
патриарха - 1 
воскресения - 1 
преп - 1 
более - 1 
прихожан - 1 
Семейные - 1 
историческим - 1 
вечная - 1 
бьющей - 1 
Тематические - 1 
Холики - 1 
присутствии - 1 
Панорама - 1 
принять - 1 
родители - 1 
Еще - 1 
этого - 1 
признал - 1 
присутствия - 1 
высокий - 1 
содержащей - 1 
своим - 1 
меч - 1 
кампания - 1 
Сыном - 1 
детства - 1 
новые - 1 
Игоре - 1 
пронесли - 1 
Димитрий - 1 
Дербенев - 1 
Кирилла - 1 
пить - 1 
должно - 1 
Весь - 1 
остался - 1 
Геннадьевича - 1 
последующего - 1 
живой - 1 
любви - 1 
местоблюститель - 1 
Преподобномученица - 1 
тюрьмы - 1 
мин - 1 
Апологетика - 1 
Груздева - 1 
уныние - 1 
небольшой - 1 
Таинствах - 1 
единственный - 1 
ссылках - 1 
Вера - 1 
новых - 1 
позициям - 1 
оспорится - 1 
Кавказе - 1 
явилась - 1 
соцсетях - 1 
архимандрит - 1 
выводы - 1 
рассматривается - 1 
наступит - 1 
увидеть - 1 
отсутствия - 1 
Вочеловечение - 1 
основные - 1 
Себе - 1 
контексте - 1 
подняться - 1 
читать - 1 
расслабленый - 1 
сферах - 1 
относится - 1 
художник - 1 
утратит - 1 
последующей - 1 
поэтов - 1 
обязательна - 1 
светского - 1 
Александрович - 1 
мои - 1 
Войну - 1 
авторитет - 1 
апостол - 1 
Карлова - 1 
сможет - 1 
рубеже - 1 
основе - 1 
священнике - 1 
Винарова - 1 
Романова - 1 
деталям - 1 
Краткая - 1 
сокровенной - 1 
богослов - 1 
людям - 1 
знайте - 1 
патриота - 1 
Автор - 1 
Исповеди - 1 
Христове - 1 
избранных - 1 
лицо - 1 
большой - 1 
издательства - 1 
лице - 1 
хочу - 1 
Фотогалереи - 1 
профессий - 1 
ничего - 1 
охватывает - 1 
святочных - 1 
княжна - 1 
написана - 1 
повести - 1 
большинства - 1 
сильного - 1 
поглотила - 1 
большинстве - 1 
издательстве - 1 
заповедях - 1 
которого - 1 
станет - 1 
вкус - 1 
шатким - 1 
момента - 1 
вполне - 1 
положи - 1 
владыки - 1 
осталась - 1 
опытно - 1 
определила - 1 
черная - 1 
Павла - 1 
Отпевание - 1 
оказывается - 1 
Причастию - 1 
колокол - 1 
Тихона - 1 
Шишкин - 1 
былое - 1 
Сборник - 1 
мусульманской - 1 
изучения - 1 
Голос - 1 
Настоящая - 1 
старцем - 1 
судьбу - 1 
Довериться - 1 
домах - 1 
Златошвейная - 1 
песни - 1 
воспоминаний - 1 
бойся - 1 
чревато - 1 
наполнены - 1 
имя - 1 
большим - 1 
обязанностях - 1 
Варсонофий - 1 
Хроника - 1 
откровенностью - 1 
личность - 1 
подборки - 1 
Хронике - 1 
неверующего - 1 
включает - 1 
глубже - 1 
прежних - 1 
деталях - 1 
происходящее - 1 
явился - 1 
большей - 1 
страной - 1 
Сказки - 1 
Чечне - 1 
захотите - 1 
Уроки - 1 
сборнику - 1 
Введите - 1 
сам - 1 
сохранено - 1 
женский - 1 
минувшего - 1 
Рыбакова - 1 
дать - 1 
Возьми - 1 
применения - 1 
морали - 1 
долгожданный - 1 
оттого - 1 
смысл - 1 
Москва - 1 
произошла - 1 
сердцу - 1 
Продолжил - 1 
того - 1 
горе - 1 
детям - 1 
существует - 1 
сохранения - 1 
среднего - 1 
очам - 1 
свой - 1 
отцы - 1 
свое - 1 
древнего - 1 
Патрик - 1 
воспитан - 1 
Тырныаузе - 1 
ПОДБОРКИ - 1 
добивается - 1 
святых - 1 
Воительница - 1 
явно - 1 
Некоторое - 1 
Сорок - 1 
художницей - 1 
Instagram - 1 
Пресвятой - 1 
Фотогалерея - 1 
плащаницы - 1 
Twitter - 1 
Варфоломею - 1 
ищут - 1 
замечательным - 1 
болезнях - 1 
раскольникам - 1 
замечательных - 1 
разъяснены - 1 
врагом - 1 
Несмотря - 1 
возрастов - 1 
Проект - 1 
прифронтовом - 1 
друга - 1 
уходили - 1 
Промысл - 1 
пройдет - 1 
Троицкий - 1 
заинтересованному - 1 
Божии - 1 
наш - 1 
поучения - 1 
низводит - 1 
Божие - 1 
Пережил - 1 
трагических - 1 
Противоречит - 1 
оформленное - 1 
дали - 1 
новинки - 1 
Нужны - 1 
Котин - 1 
подвиге - 1 
святой - 1 
правильности - 1 
близко - 1 
глазах - 1 
Питирим - 1 
ценного - 1 
класса - 1 
никем - 1 
никаких - 1 
которых - 1 
Успенский - 1 
ценностей - 1 
Завет - 1 
Продолжаем - 1 
проповедовать - 1 
Критского - 1 
дарах - 1 
истинного - 1 
демоницы - 1 
правильные - 1 
будем - 1 
Создание - 1 
Таджикистанский - 1 
ногам - 1 
Никуда - 1 
Facebook - 1 
количества - 1 
срываешься - 1 
радоваться - 1 
плодов - 1 
нес - 1 
нет - 1 
Cделать - 1 
нравственного - 1 
Грузия - 1 
протоиерея - 1 
Боимся - 1 
страшная - 1 
суда - 1 
Пассия - 1 
пребывая - 1 
Telegram - 1 
информация - 1 
прямым - 1 
Ревнуйте - 1 
Лавры - 1 
сыграли - 1 
разделил - 1 
Total: 4311
