Word processing results: 
в - 28 
на - 24 
Новости - 21 
и - 18 
nbsp - 18 
США - 16 
В - 11 
Порошенко - 9 
о - 7 
script - 6 
Все - 6 
Наука - 5 
для - 5 
Лиги - 5 
не - 5 
чемпионов - 5 
РФ - 4 
выборах - 4 
Мир - 4 
с - 4 
материалов - 4 
Рютте - 4 
валют - 4 
его - 4 
новости - 4 
Сюжет - 4 
из - 4 
var - 4 
СМИ - 4 
Сити - 4 
data - 4 
по - 4 
Спорт - 4 
лимита - 3 
Крыму - 3 
Авто - 3 
Политика - 3 
end - 3 
Реклама - 3 
достигли - 3 
begin - 3 
Украины - 3 
Финансы - 3 
Украина - 3 
госдолга - 3 
мира - 3 
new - 3 
null - 3 
нового - 3 
без - 3 
Деньги - 3 
за - 3 
Странности - 3 
Вчера - 3 
Экономика - 3 
Раде - 3 
Трампа - 3 
ВСЕ - 3 
об - 3 
от - 3 
России - 3 
парламент - 2 
Итоги - 2 
новые - 2 
еще - 2 
завершились - 2 
выйти - 2 
МИД - 2 
обзор - 2 
лимиты - 2 
четверо - 2 
реформы - 2 
Сбербанке - 2 
Я - 2 
реклама - 2 
надеется - 2 
то - 2 
финала - 2 
суд - 2 
АТО - 2 
ты - 2 
назвал - 2 
Монако - 2 
должна - 2 
a - 2 
Музыка - 2 
вторые - 2 
подарок - 2 
Закон - 2 
Ким - 2 
света - 2 
миллиона - 2 
Проекты - 2 
Европарламенте - 2 
RegExp - 2 
el - 2 
пользования - 2 
Венесуэлы - 2 
себя - 2 
спорта - 2 
Недвижимость - 2 
раненых - 2 
инопланетной - 2 
разрешила - 2 
всем - 2 
коммуналку - 2 
Британии - 2 
Происшествия - 2 
раунд - 2 
Торги - 2 
поиска - 2 
избежать - 2 
можешь - 2 
Манчестер - 2 
Ирвинге - 2 
ввели - 2 
примут - 2 
Силовики - 2 
мусором - 2 
ПОПУЛЯРНЫЕ - 2 
сказала - 2 
IT - 2 
матча - 2 
никогда - 2 
Байер - 2 
Марченко - 2 
жизни - 2 
операции - 2 
хранят - 2 
банков - 2 
Досрочных - 2 
Украине - 2 
указа - 2 
Атлетико - 2 
выделили - 2 
USD - 2 
Отношения - 2 
сумел - 2 
Использование - 2 
доверять - 2 
нельзя - 2 
комиссии - 2 
Глава - 2 
Гавайский - 2 
считать - 2 
Метрика - 2 
Гаджеты - 2 
border - 2 
футбола - 2 
выборов - 2 
Большой - 2 
Интерьеры - 2 
марте - 2 
телом - 2 
показало - 2 
быть - 2 
Нидерландах - 2 
партия - 2 
Барьерный - 2 
height - 2 
Семья - 2 
динамично - 2 
приехал - 2 
Хорошие - 2 
Путину - 2 
сэкономить - 2 
Чон - 2 
Жардим - 2 
ЖУРНАЛ - 2 
Карьера - 2 
робота - 2 
во - 2 
сайте - 2 
Lifestyle - 2 
дочках - 2 
стоп - 2 
лидирует - 2 
сутки - 2 
Судебный - 2 
Малайзии - 2 
сайтом - 2 
турнира - 2 
развиваются - 2 
чиновника - 2 
указ - 2 
НОВОСТЕЙ - 2 
размещена - 2 
журнала - 2 
Трамп - 2 
неожиданно - 2 
СНБО - 2 
Если - 2 
ростом - 2 
журнале - 2 
украинцы - 2 
Видео - 2 
Налоги - 2 
Город - 2 
ВИДЕО - 2 
Архив - 2 
обстрел - 2 
тысяч - 2 
Сомали - 2 
мяч - 2 
Бизнес - 2 
нас - 2 
транш - 2 
Афиша - 2 
резолюцию - 2 
распоряжаться - 2 
Авдеевка - 2 
биржах - 2 
уступки - 2 
миллиардов - 2 
подарю - 2 
Платим - 2 
Корреспондент - 2 
Сутки - 2 
Симеоне - 2 
Полиция - 2 
блокаде - 2 
риф - 2 
отдаешь - 2 
Интернет - 2 
МВФ - 2 
NASA - 2 
сегодня - 2 
Блокада - 2 
разгромила - 2 
блокировании - 2 
width - 2 
мигрантах - 2 
Подпишись - 2 
произвол - 2 
Нама - 2 
МАРТА - 2 
потепления - 2 
БОЛЬШЕ - 2 
НОВОСТИ - 2 
На - 2 
Не - 2 
трупом - 2 
img - 2 
штрафов - 2 
ФОТО - 2 
Голландия - 2 
оккупации - 2 
как - 2 
Президент - 2 
приостановил - 2 
популизму - 2 
белеет - 2 
доволен - 2 
Виктор - 2 
второй - 2 
Киберспорт - 2 
хотели - 1 
измене - 1 
iOS - 1 
републикация - 1 
ремейк - 1 
Покер - 1 
наличных - 1 
со - 1 
заметили - 1 
просмотры - 1 
частью - 1 
Загребе - 1 
Шахматы - 1 
Суд - 1 
У - 1 
Конфликт - 1 
показано - 1 
первом - 1 
Волыньбаскет - 1 
left - 1 
протестующие - 1 
воспрещается - 1 
Филадельфия - 1 
посетителей - 1 
гривну - 1 
При - 1 
ООО - 1 
Денежные - 1 
полного - 1 
бойца - 1 
X - 1 
Евровидения - 1 
Чудовища - 1 
Регионы - 1 
Кувейте - 1 
Выборы - 1 
деле - 1 
моды - 1 
колесах - 1 
g - 1 
при - 1 
заставила - 1 
рыть - 1 
РУС - 1 
ЖИЗНИ - 1 
копирование - 1 
ранее - 1 
копировании - 1 
Заявление - 1 
данные - 1 
Лейкерс - 1 
публикация - 1 
shadowPrBar - 1 
могилу - 1 
соцсетях - 1 
подзаголовке - 1 
туризма - 1 
разболтал - 1 
Индексы - 1 
незаконно - 1 
События - 1 
абзаце - 1 
переиграл - 1 
Здоровье - 1 
арестованного - 1 
Евровидении - 1 
прямая - 1 
квартиры - 1 
себе - 1 
Курс - 1 
получит - 1 
невесте - 1 
захватили - 1 
Технология - 1 
фильтровальная - 1 
открыла - 1 
Европа - 1 
обязательна - 1 
Анахайм - 1 
систем - 1 
gi - 1 
последние - 1 
length - 1 
Конвертeр - 1 
Любое - 1 
НАБУ - 1 
ссылки - 1 
Сергей - 1 
Европы - 1 
Apple - 1 
Фондовый - 1 
защищены - 1 
хоккея - 1 
EPA - 1 
Технологии - 1 
ссылку - 1 
Обесточены - 1 
Портленду - 1 
посетит - 1 
UPG - 1 
курсы - 1 
оставил - 1 
номер - 1 
Бразилии - 1 
ajNews - 1 
Чем - 1 
переводы - 1 
Google - 1 
Питтсбург - 1 
публикуются - 1 
гумконвой - 1 
скандал - 1 
незаконной - 1 
рынок - 1 
сепаратисткого - 1 
Красавицы - 1 
ГЛАВНЫХ - 1 
результаты - 1 
новостей - 1 
хочу - 1 
которое - 1 
танец - 1 
Выберите - 1 
гигантский - 1 
задел - 1 
подарил - 1 
iPhone - 1 
Формулы - 1 
Белый - 1 
выгрузке - 1 
Украину - 1 
станция - 1 
лишит - 1 
Эмили - 1 
LiveInternet - 1 
top - 1 
независимости - 1 
любых - 1 
неуклюжий - 1 
закон - 1 
Вконтакте - 1 
разделы - 1 
Еда - 1 
пометками - 1 
Формула - 1 
картину - 1 
опрос - 1 
Хьюстон - 1 
Вино - 1 
КОРРЕСПОНДЕНТ - 1 
Ссылка - 1 
бокса - 1 
НХЛ - 1 
мужа - 1 
ОПРОСЫ - 1 
Уколов - 1 
или - 1 
тенниса - 1 
Болгария - 1 
Игры - 1 
Гааге - 1 
финансов - 1 
использования - 1 
Общество - 1 
EUR - 1 
прогулялась - 1 
trg - 1 
alt - 1 
океанов - 1 
Авдеевский - 1 
true - 1 
Путешествия - 1 
первый - 1 
Левицкий - 1 
арестовали - 1 
бизнеса - 1 
дел - 1 
Белашко - 1 
рассылка - 1 
Журнал - 1 
БИПА - 1 
вылете - 1 
СТИЛЬ - 1 
марта - 1 
Кто - 1 
матчей - 1 
изданий - 1 
Донбассе - 1 
прошлого - 1 
Поиск - 1 
Донбасса - 1 
Срна - 1 
ДОСЬЕ - 1 
событий - 1 
компаний - 1 
распространение - 1 
показали - 1 
Array - 1 
ПОИСК - 1 
Геи - 1 
выставлявшуюся - 1 
сухую - 1 
Договор - 1 
ленте - 1 
СБУ - 1 
попугай - 1 
px - 1 
взятке - 1 
Турции - 1 
Минфин - 1 
Донбасс - 1 
укрепили - 1 
Мнение - 1 
виски - 1 
приложений - 1 
напитки - 1 
страницы - 1 
бы - 1 
Ошибка - 1 
Италии - 1 
глубин - 1 
Мнения - 1 
децентрализованного - 1 
известны - 1 
правах - 1 
Хоккей - 1 
Гитлера - 1 
Гиперссылка - 1 
вы - 1 
iframe - 1 
Медицина - 1 
российский - 1 
раскритиковали - 1 
RUB - 1 
спасла - 1 
гиперссылка - 1 
уничтожил - 1 
Блокадня - 1 
интернет - 1 
Новый - 1 
выбрала - 1 
Фантастические - 1 
Баскетбол - 1 
уничтожила - 1 
майдана - 1 
Правила - 1 
Диснея - 1 
Китаец - 1 
холдинга - 1 
другое - 1 
Кино - 1 
шахмат - 1 
ее - 1 
кино - 1 
медицина - 1 
ЕС - 1 
изогнутый - 1 
булыжник - 1 
число - 1 
Ратаковски - 1 
УКР - 1 
БИЗНЕС - 1 
баскетбола - 1 
hidden - 1 
строго - 1 
ДНЯ - 1 
аспекты - 1 
Twitter - 1 
участника - 1 
что - 1 
Культура - 1 
декларации - 1 
Крым - 1 
Публиковать - 1 
Моуринью - 1 
ПОСЛЕДНИЕ - 1 
дом - 1 
размещённых - 1 
материала - 1 
очередной - 1 
мероприятий - 1 
Контакты - 1 
ТЕМЫ - 1 
НБА - 1 
отправила - 1 
Космос - 1 
мусора - 1 
открытая - 1 
Хорватия - 1 
Календарь - 1 
сотрудников - 1 
Экспертиза - 1 
Моторы - 1 
управляет - 1 
ФСБ - 1 
нарушаю - 1 
участники - 1 
Донецкая - 1 
содержит - 1 
россиян - 1 
манекен - 1 
права - 1 
ничью - 1 
разрешается - 1 
матч - 1 
Чубаров - 1 
белье - 1 
ГЛАВНОЕ - 1 
Авторизация - 1 
ЦИТАТА - 1 
которых - 1 
Главная - 1 
Львова - 1 
самом - 1 
Уильяма - 1 
Fashion - 1 
display - 1 
вместо - 1 
считают - 1 
жене - 1 
Лига - 1 
LifeStyle - 1 
уступил - 1 
Стали - 1 
финалист - 1 
Украиной - 1 
СПЕЦТЕМА - 1 
Россия - 1 
МЮ - 1 
Кременчуг - 1 
частичного - 1 
Футбол - 1 
Сайты - 1 
экономики - 1 
Facebook - 1 
коксохим - 1 
обновления - 1 
РАЗДЕЛЫ - 1 
почти - 1 
животные - 1 
Власть - 1 
Курсы - 1 
дисплей - 1 
marginLeft - 1 
Чужие - 1 
либо - 1 
САЙТУ - 1 
Бокс - 1 
задержало - 1 
знала - 1 
берегов - 1 
request - 1 
условии - 1 
голов - 1 
Автомобили - 1 
Теннис - 1 
рекламы - 1 
поисковых - 1 
все - 1 
Принца - 1 
ЛОНГРИДЫ - 1 
scripts - 1 
холода - 1 
ответных - 1 
ПО - 1 
информации - 1 
думать - 1 
УХЛ - 1 
Певица - 1 
видеть - 1 
сыграли - 1 
Total: 1102
