Word processing results: 
a - 32 
the - 26 
to - 24 
in - 15 
I - 14 
with - 13 
tag - 13 
is - 12 
regex - 11 
How - 10 
and - 10 
of - 10 
more - 10 
HTML - 10 
have - 9 
amp - 9 
or - 9 
Stack - 9 
tags - 8 
it - 8 
up - 8 
can - 8 
you - 7 
at - 7 
this - 7 
name - 7 
from - 7 
an - 6 
for - 6 
use - 6 
comments - 6 
vote - 6 
Overflow - 6 
html - 6 
like - 6 
as - 5 
if - 5 
attributes - 5 
Sign - 5 
extract - 5 
comment - 5 
parse - 4 
gt - 4 
Mar - 4 
my - 4 
on - 4 
using - 4 
ask - 4 
but - 4 
string - 4 
Why - 4 
Science - 4 
You - 4 
your - 3 
be - 3 
information - 3 
Email - 3 
questions - 3 
down - 3 
add - 3 
need - 3 
For - 3 
Language - 3 
Answers - 3 
false - 3 
Extract - 3 
text - 3 
Is - 3 
share - 3 
improvements - 3 
true - 3 
since - 3 
any - 3 
Ask - 3 
tbody - 3 
Avoid - 3 
us - 3 
not - 3 
work - 3 
suggest - 3 
line - 3 
process - 3 
match - 3 
year - 2 
would - 2 
draft - 2 
active - 2 
click - 2 
Exchange - 2 
guest - 2 
example - 2 
policy - 2 
k - 2 
s - 2 
answer - 2 
Your - 2 
votes - 2 
do - 2 
Regex - 2 
root - 2 
Post - 2 
developer - 2 
ago - 2 
thanks - 2 
other - 2 
asked - 2 
question - 2 
Join - 2 
that - 2 
all - 2 
Information - 2 
times - 2 
make - 2 
English - 2 
they - 2 
edited - 2 
want - 2 
Code - 2 
except - 2 
does - 2 
single - 2 
Name - 2 
Nov - 2 
Does - 2 
description - 2 
privacy - 2 
What - 2 
perl - 2 
answered - 2 
location - 2 
required - 2 
Development - 2 
Computer - 2 
href - 2 
nbsp - 2 
Perl - 2 
following - 2 
lead - 2 
wrong - 2 
User - 2 
Engineering - 2 
will - 2 
also - 2 
been - 1 
Server - 1 
saved - 1 
intrinsically - 1 
String - 1 
Design - 1 
score - 1 
quote - 1 
music - 1 
contributions - 1 
Picture - 1 
Questions - 1 
chucknorris - 1 
Geographic - 1 
Personal - 1 
Motor - 1 
raw - 1 
community - 1 
Hot - 1 
am - 1 
Experience - 1 
Related - 1 
Game - 1 
QUERY - 1 
Magento - 1 
looking - 1 
schema - 1 
B - 1 
deal - 1 
Theory - 1 
least - 1 
hot - 1 
The - 1 
same - 1 
Federico - 1 
by - 1 
embedded - 1 
cc - 1 
licensed - 1 
jobs - 1 
possible - 1 
By - 1 
x - 1 
Administrators - 1 
under - 1 
DB - 1 
did - 1 
Regular - 1 
wronly - 1 
Vehicle - 1 
Lester - 1 
WordPress - 1 
mathematicians - 1 
contact - 1 
legal - 1 
info - 1 
needs - 1 
Validated - 1 
rev - 1 
Golf - 1 
count - 1 
Maintenance - 1 
Chemistry - 1 
Area - 1 
Linux - 1 
Dismiss - 1 
useful - 1 
Philosophy - 1 
Piazza - 1 
choose - 1 
Mathematics - 1 
anchors - 1 
title - 1 
directory - 1 
remove - 1 
Processing - 1 
Money - 1 
duel - 1 
Mathematica - 1 
bills - 1 
MathOverflow - 1 
just - 1 
Home - 1 
Salesforce - 1 
Applications - 1 
multiple - 1 
length - 1 
mobile - 1 
modify - 1 
print - 1 
Apple - 1 
although - 1 
RegEx - 1 
service - 1 
there - 1 
borodin - 1 
XHTML - 1 
envelopes - 1 
injection - 1 
prompt - 1 
Community - 1 
big - 1 
select - 1 
cylindrical - 1 
helping - 1 
Different - 1 
tried - 1 
easily - 1 
action - 1 
bathroom - 1 
Theoretical - 1 
Google - 1 
Graphic - 1 
Removing - 1 
handle - 1 
Japanese - 1 
Working - 1 
winner - 1 
million - 1 
field - 1 
even - 1 
Recreation - 1 
Bicycles - 1 
If - 1 
Fiction - 1 
works - 1 
Practice - 1 
Academia - 1 
It - 1 
malformed - 1 
Signal - 1 
world - 1 
file - 1 
too - 1 
Yodeya - 1 
viewed - 1 
PHP - 1 
Expressions - 1 
Books - 1 
Puzzles - 1 
Usage - 1 
gaming - 1 
within - 1 
overrides - 1 
Learners - 1 
stored - 1 
thousand - 1 
com - 1 
Unix - 1 
Enthusiasts - 1 
several - 1 
body - 1 
harmful - 1 
Linked - 1 
helix - 1 
logo - 1 
links - 1 
different - 1 
credit - 1 
always - 1 
Ubuntu - 1 
new - 1 
sort - 1 
real - 1 
SQL - 1 
Android - 1 
Browse - 1 
feed - 1 
professor - 1 
null - 1 
improve - 1 
Fantasy - 1 
try - 1 
Anakin - 1 
evil - 1 
Advice - 1 
Mi - 1 
Andy - 1 
Skeptics - 1 
behind - 1 
no - 1 
code - 1 
quantum - 1 
best - 1 
demo - 1 
sql - 1 
running - 1 
intended - 1 
design - 1 
src - 1 
QGIS - 1 
equation - 1 
Christianity - 1 
specific - 1 
Talent - 1 
minute - 1 
suggested - 1 
Find - 1 
attribution - 1 
reason - 1 
Meta - 1 
Seasoned - 1 
about - 1 
Fault - 1 
advertising - 1 
leg - 1 
skills - 1 
QA - 1 
Print - 1 
password - 1 
tagged - 1 
stats - 1 
Pi - 1 
programmers - 1 
Best - 1 
Repair - 1 
containing - 1 
them - 1 
received - 1 
each - 1 
Latex - 1 
Winner - 1 
quality - 1 
meta - 1 
difference - 1 
shower - 1 
discarded - 1 
Biology - 1 
Would - 1 
matching - 1 
found - 1 
attack - 1 
Question - 1 
attribute - 1 
takes - 1 
situation - 1 
broken - 1 
Java - 1 
think - 1 
one - 1 
makes - 1 
Run - 1 
tour - 1 
LaTeX - 1 
Physics - 1 
apostrophe - 1 
Photography - 1 
face - 1 
Oscars - 1 
oldest - 1 
Music - 1 
SharePoint - 1 
Dooku - 1 
open - 1 
Other - 1 
joins - 1 
TV - 1 
buy - 1 
reputation - 1 
rules - 1 
run - 1 
align - 1 
Manager - 1 
repeated - 1 
Apps - 1 
Arts - 1 
either - 1 
white - 1 
paying - 1 
greedy - 1 
has - 1 
might - 1 
solutions - 1 
Not - 1 
Games - 1 
spaces - 1 
page - 1 
Us - 1 
allow - 1 
TiKz - 1 
color - 1 
idea - 1 
Vitamin - 1 
changes - 1 
Review - 1 
JavaScript - 1 
Movies - 1 
every - 1 
Webmasters - 1 
Password - 1 
zeta - 1 
Replace - 1 
Riemann - 1 
Answer - 1 
Travel - 1 
capo - 1 
what - 1 
short - 1 
discard - 1 
Arqade - 1 
Programming - 1 
rent - 1 
Security - 1 
issues - 1 
feedback - 1 
Improvement - 1 
terms - 1 
Network - 1 
Database - 1 
Cryptography - 1 
case - 1 
between - 1 
still - 1 
double - 1 
agree - 1 
exist - 1 
tunnels - 1 
Drupal - 1 
provide - 1 
Coordinate - 1 
Web - 1 
Life - 1 
force - 1 
quot - 1 
favorite - 1 
theory - 1 
flag - 1 
log - 1 
Glass - 1 
pattern - 1 
enabled - 1 
Names - 1 
physics - 1 
Inadvertently - 1 
dark - 1 
cooking - 1 
homework - 1 
help - 1 
site - 1 
chat - 1 
span - 1 
mathematical - 1 
innerHTML - 1 
data - 1 
own - 1 
simple - 1 
clearly - 1 
used - 1 
blog - 1 
regexes - 1 
hit - 1 
Ants - 1 
Super - 1 
Anime - 1 
answering - 1 
Imperatore - 1 
Technology - 1 
only - 1 
should - 1 
create - 1 
undead - 1 
Facebook - 1 
Culture - 1 
Python - 1 
marked - 1 
Aliens - 1 
accepted - 1 
Systems - 1 
forgiving - 1 
Judaism - 1 
files - 1 
Software - 1 
who - 1 
Inc - 1 
here - 1 
Cross - 1 
values - 1 
their - 1 
interact - 1 
point - 1 
award - 1 
cbyoueyq - 1 
Electrical - 1 
said - 1 
track - 1 
Oscar - 1 
ExpressionEngine - 1 
TeX - 1 
Finance - 1 
Supporting - 1 
posting - 1 
command - 1 
mean - 1 
Raspberry - 1 
front - 1 
user - 1 
Manga - 1 
Total: 1046
